09:43:57.402	SERVER	admin	OK	Server was started (port: 1984).
09:43:57.567	SERVER	admin	OK	HTTP Server was started (port: 8080).
09:44:06.391	[0:0:0:0:0:0:0:1]:50923	admin	REQUEST	[GET] /
09:44:07.649	[0:0:0:0:0:0:0:1]:50923	admin	200		1260.06 ms
09:44:08.274	[0:0:0:0:0:0:0:1]:50924	admin	REQUEST	[GET] /favicon.ico
09:44:08.276	[0:0:0:0:0:0:0:1]:50924	admin	404	Service not found.	3.03 ms
10:00:25.085	[0:0:0:0:0:0:0:1]:52642	admin	REQUEST	[GET] /
10:00:25.120	[0:0:0:0:0:0:0:1]:52642	admin	200		35.37 ms
10:01:35.621	[0:0:0:0:0:0:0:1]:52651	admin	REQUEST	[GET] /add/Expertises
10:01:35.635	[0:0:0:0:0:0:0:1]:52651	admin	404	Service not found.	15.19 ms
10:01:50.725	[0:0:0:0:0:0:0:1]:52651	admin	REQUEST	[GET] /
10:01:50.744	[0:0:0:0:0:0:0:1]:52651	admin	200		19.24 ms
10:02:22.496	[0:0:0:0:0:0:0:1]:52651	admin	REQUEST	[POST] /add/Expertises
10:02:22.535	[0:0:0:0:0:0:0:1]:52651	admin	404	Service not found.	39.56 ms
10:02:42.357	[0:0:0:0:0:0:0:1]:52651	admin	REQUEST	[POST] /add/Expertises
10:02:42.376	[0:0:0:0:0:0:0:1]:52651	admin	404	Service not found.	19.47 ms
10:04:46.319	[0:0:0:0:0:0:0:1]:54237	admin	REQUEST	[POST] /add
10:04:46.332	[0:0:0:0:0:0:0:1]:54237	admin	404	Service not found.	13.34 ms
10:04:47.882	[0:0:0:0:0:0:0:1]:54237	admin	REQUEST	[POST] /add
10:04:47.882	[0:0:0:0:0:0:0:1]:54237	admin	404	Service not found.	0.42 ms
10:04:57.928	[0:0:0:0:0:0:0:1]:57341	admin	REQUEST	[GET] /add
10:04:57.945	[0:0:0:0:0:0:0:1]:57341	admin	404	Service not found.	17.17 ms
10:05:05.381	[0:0:0:0:0:0:0:1]:57341	admin	REQUEST	[GET] /
10:05:05.397	[0:0:0:0:0:0:0:1]:57341	admin	200		15.87 ms
10:05:58.406	SERVER	admin	OK	Server was started (port: 1984).
10:05:58.509	SERVER	admin	OK	HTTP Server was started (port: 8080).
10:06:10.395	[0:0:0:0:0:0:0:1]:57347	admin	REQUEST	[GET] /
10:06:11.649	[0:0:0:0:0:0:0:1]:57347	admin	200		1256.45 ms
10:06:14.548	[0:0:0:0:0:0:0:1]:57347	admin	REQUEST	[GET] /add
10:06:14.557	[0:0:0:0:0:0:0:1]:57347	admin	200		9.38 ms
10:06:21.734	[0:0:0:0:0:0:0:1]:57350	admin	REQUEST	[POST] /add
10:06:21.750	[0:0:0:0:0:0:0:1]:57350	admin	200		16.36 ms
10:06:35.059	[0:0:0:0:0:0:0:1]:57350	admin	REQUEST	[POST] /add/Expertises
10:06:35.207	[0:0:0:0:0:0:0:1]:57350	admin	500	Stopped at C:/Program Files (x86)/BaseX/webapp/add.xq, 15/25: [FODC0002] Resource 'C:/Program Files (x86)/BaseX/webapp/webapp/XSD/expertises.xsd' not found.	149.05 ms
10:08:22.991	[0:0:0:0:0:0:0:1]:57359	admin	REQUEST	[POST] /add/Expertises
10:08:23.189	[0:0:0:0:0:0:0:1]:57359	admin	500	Stopped at C:/Program Files (x86)/BaseX/webapp/add.xq, 15/25: [validate:error] Validation failed: 6:11: cvc-complex-type.2.4.a: Invalid content was found starting with element '{"http://www.NCar.com/expertises.xsd":date}'. One of '{"http://www.NCar.com/expertises.xsd":Date}' is expected.	198.78 ms
10:10:49.792	[0:0:0:0:0:0:0:1]:57378	admin	REQUEST	[POST] /add/Expertises
10:10:49.847	[0:0:0:0:0:0:0:1]:57378	admin	500	Stopped at C:/Program Files (x86)/BaseX/webapp/add.xq, 15/25: [validate:error] Validation failed: 6:11: cvc-complex-type.2.4.a: Invalid content was found starting with element '{"http://www.NCar.com/expertises.xsd":date}'. One of '{"http://www.NCar.com/expertises.xsd":Date}' is expected.	56.08 ms
10:10:54.533	[0:0:0:0:0:0:0:1]:57378	admin	REQUEST	[POST] /add/Expertises
10:10:54.579	[0:0:0:0:0:0:0:1]:57378	admin	500	Stopped at C:/Program Files (x86)/BaseX/webapp/add.xq, 15/25: [validate:error] Validation failed: 6:11: cvc-complex-type.2.4.a: Invalid content was found starting with element '{"http://www.NCar.com/expertises.xsd":date}'. One of '{"http://www.NCar.com/expertises.xsd":Date}' is expected.	45.65 ms
10:14:14.108	[0:0:0:0:0:0:0:1]:51933	admin	REQUEST	[POST] /add/Expertises
10:14:14.153	[0:0:0:0:0:0:0:1]:51933	admin	500	Stopped at C:/Program Files (x86)/BaseX/webapp/add.xq, 15/25: [validate:error] Validation failed: 6:11: cvc-complex-type.2.4.a: Invalid content was found starting with element '{"http://www.NCar.com/expertises.xsd":date}'. One of '{"http://www.NCar.com/expertises.xsd":Date}' is expected.	44.8 ms
10:16:32.256	[0:0:0:0:0:0:0:1]:51952	admin	REQUEST	[POST] /add/Expertises
10:16:32.308	[0:0:0:0:0:0:0:1]:51952	admin	500	Stopped at C:/Program Files (x86)/BaseX/webapp/add.xq, 15/25: [validate:error] Validation failed: 6:11: cvc-complex-type.2.4.a: Invalid content was found starting with element '{"http://www.NCar.com/expertises.xsd":date}'. One of '{"http://www.NCar.com/expertises.xsd":Date}' is expected.	51.67 ms
10:16:57.038	[0:0:0:0:0:0:0:1]:58358	admin	REQUEST	[POST] /add/Expertises
10:16:57.082	[0:0:0:0:0:0:0:1]:58358	admin	500	Stopped at C:/Program Files (x86)/BaseX/webapp/add.xq, 15/25: [validate:error] Validation failed: 6:11: cvc-complex-type.2.4.a: Invalid content was found starting with element '{"http://www.NCar.com/expertises.xsd":date}'. One of '{"http://www.NCar.com/expertises.xsd":Date}' is expected.	44.9 ms
10:20:42.055	[0:0:0:0:0:0:0:1]:64383	admin	REQUEST	[POST] /add/Expertises
10:20:42.110	[0:0:0:0:0:0:0:1]:64383	admin	200		55.73 ms
10:22:18.728	[0:0:0:0:0:0:0:1]:64386	admin	REQUEST	[POST] /add/Expertises
10:22:18.782	[0:0:0:0:0:0:0:1]:64386	admin	200		54.41 ms
10:22:49.796	[0:0:0:0:0:0:0:1]:64386	admin	REQUEST	[POST] /add/Expertises
10:22:49.838	[0:0:0:0:0:0:0:1]:64386	admin	200		41.94 ms
10:24:42.904	[0:0:0:0:0:0:0:1]:54048	admin	REQUEST	[POST] /add/Expertises
10:24:42.943	[0:0:0:0:0:0:0:1]:54048	admin	200		40.6 ms
10:24:59.882	[0:0:0:0:0:0:0:1]:54048	admin	REQUEST	[POST] /add/Expertises
10:24:59.924	[0:0:0:0:0:0:0:1]:54048	admin	200		42.15 ms
10:25:48.868	[0:0:0:0:0:0:0:1]:54048	admin	REQUEST	[POST] /add/Expertises
10:25:48.908	[0:0:0:0:0:0:0:1]:54048	admin	200		40.47 ms
10:26:12.365	[0:0:0:0:0:0:0:1]:54048	admin	REQUEST	[POST] /add/Expertises
10:26:12.432	[0:0:0:0:0:0:0:1]:54048	admin	200		67.26 ms
10:26:43.980	[0:0:0:0:0:0:0:1]:54048	admin	REQUEST	[POST] /add/Expertises
10:26:44.021	[0:0:0:0:0:0:0:1]:54048	admin	200		50.5 ms
10:27:57.657	[0:0:0:0:0:0:0:1]:54053	admin	REQUEST	[POST] /add/Expertises
10:27:57.707	[0:0:0:0:0:0:0:1]:54053	admin	200		51.17 ms
10:30:21.134	[0:0:0:0:0:0:0:1]:53509	admin	REQUEST	[POST] /add/Expertises
10:30:21.164	[0:0:0:0:0:0:0:1]:53509	admin	200		29.92 ms
10:30:22.946	[0:0:0:0:0:0:0:1]:53509	admin	REQUEST	[POST] /add/Expertises
10:30:22.960	[0:0:0:0:0:0:0:1]:53509	admin	200		14.74 ms
10:30:53.720	[0:0:0:0:0:0:0:1]:53509	admin	REQUEST	[POST] /add/Expertises
10:30:53.748	[0:0:0:0:0:0:0:1]:53509	admin	200		27.77 ms
10:31:26.855	[0:0:0:0:0:0:0:1]:53509	admin	REQUEST	[POST] /add/Expertises
10:31:26.893	[0:0:0:0:0:0:0:1]:53509	admin	200		37.86 ms
10:33:49.739	[0:0:0:0:0:0:0:1]:53521	admin	REQUEST	[POST] /add/Expertises
10:33:49.754	[0:0:0:0:0:0:0:1]:53521	admin	404	Service not found.	15.16 ms
10:33:54.416	[0:0:0:0:0:0:0:1]:53521	admin	REQUEST	[POST] /add/Expertises
10:33:54.459	[0:0:0:0:0:0:0:1]:53521	admin	200		43.68 ms
10:33:58.714	[0:0:0:0:0:0:0:1]:53521	admin	REQUEST	[POST] /add/Expertises
10:33:58.738	[0:0:0:0:0:0:0:1]:53521	admin	200		24.77 ms
10:34:17.214	[0:0:0:0:0:0:0:1]:53521	admin	REQUEST	[POST] /add/Expertises
10:34:17.262	[0:0:0:0:0:0:0:1]:53521	admin	200		52.31 ms
10:34:39.187	[0:0:0:0:0:0:0:1]:53521	admin	REQUEST	[POST] /add/Expertises
10:34:39.214	[0:0:0:0:0:0:0:1]:53521	admin	200		27.23 ms
10:36:01.137	[0:0:0:0:0:0:0:1]:53523	admin	REQUEST	[POST] /add/Expertises
10:36:01.177	[0:0:0:0:0:0:0:1]:53523	admin	500	Stopped at C:/Program Files (x86)/BaseX/webapp/add.xq, 17/25: [validate:error] Validation failed: 1:13: cvc-elt.1.a: Cannot find the declaration of element 'expertises'.	39.19 ms
10:36:20.163	[0:0:0:0:0:0:0:1]:53523	admin	REQUEST	[POST] /add/Expertises
10:36:20.210	[0:0:0:0:0:0:0:1]:53523	admin	200		46.9 ms
10:37:25.350	[0:0:0:0:0:0:0:1]:53525	admin	REQUEST	[POST] /add/Expertises
10:37:25.385	[0:0:0:0:0:0:0:1]:53525	admin	200		34.77 ms
10:37:48.325	[0:0:0:0:0:0:0:1]:53525	admin	REQUEST	[POST] /add/Expertises
10:37:48.362	[0:0:0:0:0:0:0:1]:53525	admin	500	Stopped at C:/Program Files (x86)/BaseX/webapp/add.xq, 17/20: [validate:error] Validation failed: 1:13: cvc-elt.1.a: Cannot find the declaration of element 'expertises'.	37.27 ms
10:38:43.415	[0:0:0:0:0:0:0:1]:53525	admin	REQUEST	[POST] /add/Expertises
10:38:43.449	[0:0:0:0:0:0:0:1]:53525	admin	200		33.77 ms
10:39:16.036	[0:0:0:0:0:0:0:1]:53525	admin	REQUEST	[POST] /add/Expertises
10:39:16.066	[0:0:0:0:0:0:0:1]:53525	admin	200		29.73 ms
10:39:39.043	[0:0:0:0:0:0:0:1]:53525	admin	REQUEST	[POST] /add/Expertises
10:39:39.075	[0:0:0:0:0:0:0:1]:53525	admin	200		32.29 ms
10:39:58.620	[0:0:0:0:0:0:0:1]:53525	admin	REQUEST	[POST] /add/Expertises
10:39:58.666	[0:0:0:0:0:0:0:1]:53525	admin	200		45.31 ms
10:45:05.154	[0:0:0:0:0:0:0:1]:64883	admin	REQUEST	[POST] /add/Expertises
10:45:05.180	[0:0:0:0:0:0:0:1]:64883	admin	500	Stopped at C:/Program Files (x86)/BaseX/webapp/add.xq, 17/28: [XPDY0002] .: Context is undeclared. Stack Trace: - C:/Program Files (x86)/BaseX/webapp/add.xq, 9/10	26.56 ms
10:45:25.902	[0:0:0:0:0:0:0:1]:64883	admin	REQUEST	[POST] /add/Expertises
10:45:25.936	[0:0:0:0:0:0:0:1]:64883	admin	200		33.99 ms
10:45:35.335	[0:0:0:0:0:0:0:1]:64883	admin	REQUEST	[POST] /add/Expertises
10:45:35.364	[0:0:0:0:0:0:0:1]:64883	admin	200		28.81 ms
10:48:33.115	[0:0:0:0:0:0:0:1]:49643	admin	REQUEST	[POST] /add/Expertises
10:48:33.144	[0:0:0:0:0:0:0:1]:49643	admin	200		29.32 ms
10:50:05.062	[0:0:0:0:0:0:0:1]:49663	admin	REQUEST	[POST] /add/Expertises
10:50:05.108	[0:0:0:0:0:0:0:1]:49663	admin	200		46.11 ms
10:50:53.399	[0:0:0:0:0:0:0:1]:49663	admin	REQUEST	[POST] /add/Expertises
10:50:53.428	[0:0:0:0:0:0:0:1]:49663	admin	200		29.72 ms
10:53:19.137	[0:0:0:0:0:0:0:1]:49717	admin	REQUEST	[POST] /add/Expertises
10:53:19.178	[0:0:0:0:0:0:0:1]:49717	admin	200		41.67 ms
10:53:20.607	[0:0:0:0:0:0:0:1]:49717	admin	REQUEST	[POST] /add/Expertises
10:53:20.619	[0:0:0:0:0:0:0:1]:49717	admin	200		11.78 ms
10:54:25.032	[0:0:0:0:0:0:0:1]:49721	admin	REQUEST	[POST] /add/Expertises
10:54:25.087	[0:0:0:0:0:0:0:1]:49721	admin	200		55.53 ms
10:54:26.842	[0:0:0:0:0:0:0:1]:49721	admin	REQUEST	[POST] /add/Expertises
10:54:26.876	[0:0:0:0:0:0:0:1]:49721	admin	200		34.1 ms
10:54:51.631	[0:0:0:0:0:0:0:1]:49721	admin	REQUEST	[POST] /add/Expertises
10:54:51.650	[0:0:0:0:0:0:0:1]:49721	admin	500	Stopped at C:/Program Files (x86)/BaseX/webapp/add.xq, 16/21: [XPST0017] Unknown function: fn:update-output.	19.15 ms
10:55:05.560	[0:0:0:0:0:0:0:1]:49721	admin	REQUEST	[POST] /add/Expertises
10:55:05.593	[0:0:0:0:0:0:0:1]:49721	admin	200		33.15 ms
10:56:05.680	[0:0:0:0:0:0:0:1]:63175	admin	REQUEST	[POST] /add/Expertises
10:56:05.706	[0:0:0:0:0:0:0:1]:63175	admin	200		25.79 ms
10:57:52.163	[0:0:0:0:0:0:0:1]:63194	admin	REQUEST	[POST] /add/Expertises
10:57:52.175	[0:0:0:0:0:0:0:1]:63194	admin	404	Service not found.	13.16 ms
10:57:59.542	[0:0:0:0:0:0:0:1]:63194	admin	REQUEST	[POST] /add/Expertises
10:57:59.563	[0:0:0:0:0:0:0:1]:63194	admin	404	Service not found.	21.36 ms
10:58:04.335	[0:0:0:0:0:0:0:1]:63194	admin	REQUEST	[POST] /add/Expertises
10:58:04.359	[0:0:0:0:0:0:0:1]:63194	admin	200		24.72 ms
14:21:05.181	[0:0:0:0:0:0:0:1]:65044	admin	REQUEST	[POST] /add/Expertises
14:21:05.249	[0:0:0:0:0:0:0:1]:65044	admin	200		70.25 ms
14:21:36.340	[0:0:0:0:0:0:0:1]:65044	admin	REQUEST	[POST] /add/Expertises
14:21:36.385	[0:0:0:0:0:0:0:1]:65044	admin	200		45.37 ms
14:22:29.433	[0:0:0:0:0:0:0:1]:65044	admin	REQUEST	[POST] /add/Expertises
14:22:29.462	[0:0:0:0:0:0:0:1]:65044	admin	200		29.96 ms
14:22:41.056	[0:0:0:0:0:0:0:1]:65044	admin	REQUEST	[POST] /add/Expertises
14:22:41.100	[0:0:0:0:0:0:0:1]:65044	admin	200		44.25 ms
14:22:42.718	[0:0:0:0:0:0:0:1]:65044	admin	REQUEST	[POST] /add/Expertises
14:22:42.736	[0:0:0:0:0:0:0:1]:65044	admin	200		18.91 ms
14:23:03.897	[0:0:0:0:0:0:0:1]:65044	admin	REQUEST	[POST] /add/Expertises
14:23:03.927	[0:0:0:0:0:0:0:1]:65044	admin	200		30.07 ms
14:23:35.337	[0:0:0:0:0:0:0:1]:65044	admin	REQUEST	[POST] /add/Expertises
14:23:35.374	[0:0:0:0:0:0:0:1]:65044	admin	200		37.35 ms
14:33:14.344	[0:0:0:0:0:0:0:1]:65093	admin	REQUEST	[POST] /add/Expertises
14:33:14.380	[0:0:0:0:0:0:0:1]:65093	admin	200		35.78 ms
14:34:48.806	[0:0:0:0:0:0:0:1]:65095	admin	REQUEST	[POST] /add/Expertises
14:34:48.836	[0:0:0:0:0:0:0:1]:65095	admin	200		30.48 ms
14:35:00.800	[0:0:0:0:0:0:0:1]:65095	admin	REQUEST	[POST] /add/Expertises
14:35:00.837	[0:0:0:0:0:0:0:1]:65095	admin	200		37.76 ms
14:36:08.041	[0:0:0:0:0:0:0:1]:65117	admin	REQUEST	[POST] /add/Expertises
14:36:08.068	[0:0:0:0:0:0:0:1]:65117	admin	200		27.28 ms
14:36:15.669	[0:0:0:0:0:0:0:1]:65117	admin	REQUEST	[POST] /add/Expertises
14:36:15.700	[0:0:0:0:0:0:0:1]:65117	admin	200		31.6 ms
14:36:39.904	[0:0:0:0:0:0:0:1]:65117	admin	REQUEST	[POST] /add/Expertises
14:36:39.930	[0:0:0:0:0:0:0:1]:65117	admin	200		25.84 ms
14:43:37.516	[0:0:0:0:0:0:0:1]:65344	admin	REQUEST	[POST] /add/Expertises
14:43:37.545	[0:0:0:0:0:0:0:1]:65344	admin	200		29.66 ms
14:44:59.327	[0:0:0:0:0:0:0:1]:65348	admin	REQUEST	[POST] /add/Expertises
14:44:59.355	[0:0:0:0:0:0:0:1]:65348	admin	200		29.28 ms
14:45:00.679	[0:0:0:0:0:0:0:1]:65348	admin	REQUEST	[POST] /add/Expertises
14:45:00.690	[0:0:0:0:0:0:0:1]:65348	admin	200		11.54 ms
14:45:17.158	[0:0:0:0:0:0:0:1]:65348	admin	REQUEST	[POST] /add/Expertises
14:45:17.192	[0:0:0:0:0:0:0:1]:65348	admin	200		33.89 ms
14:45:29.495	[0:0:0:0:0:0:0:1]:65348	admin	REQUEST	[POST] /add/Expertises
14:45:29.545	[0:0:0:0:0:0:0:1]:65348	admin	200		49.85 ms
14:45:46.382	[0:0:0:0:0:0:0:1]:65348	admin	REQUEST	[POST] /add/Expertises
14:45:46.422	[0:0:0:0:0:0:0:1]:65348	admin	200		39.75 ms
14:46:21.822	[0:0:0:0:0:0:0:1]:65348	admin	REQUEST	[POST] /add/Expertises
14:46:21.855	[0:0:0:0:0:0:0:1]:65348	admin	200		32.56 ms
14:48:07.350	[0:0:0:0:0:0:0:1]:62594	admin	REQUEST	[POST] /add/Expertises
14:48:07.372	[0:0:0:0:0:0:0:1]:62594	admin	200		23.06 ms
14:48:08.667	[0:0:0:0:0:0:0:1]:62594	admin	REQUEST	[POST] /add/Expertises
14:48:08.687	[0:0:0:0:0:0:0:1]:62594	admin	200		20.37 ms
14:48:09.409	[0:0:0:0:0:0:0:1]:62594	admin	REQUEST	[POST] /add/Expertises
14:48:09.424	[0:0:0:0:0:0:0:1]:62594	admin	200		14.45 ms
14:48:47.884	[0:0:0:0:0:0:0:1]:62594	admin	REQUEST	[POST] /add/Expertises
14:48:47.905	[0:0:0:0:0:0:0:1]:62594	admin	200		20.67 ms
14:49:34.397	[0:0:0:0:0:0:0:1]:62594	admin	REQUEST	[POST] /add/Expertises
14:49:34.422	[0:0:0:0:0:0:0:1]:62594	admin	200		24.98 ms
14:49:35.606	[0:0:0:0:0:0:0:1]:62594	admin	REQUEST	[POST] /add/Expertises
14:49:35.613	[0:0:0:0:0:0:0:1]:62594	admin	200		6.01 ms
14:49:43.429	[0:0:0:0:0:0:0:1]:62594	admin	REQUEST	[POST] /add/Expertises
14:49:43.456	[0:0:0:0:0:0:0:1]:62594	admin	200		27.23 ms
14:50:05.804	[0:0:0:0:0:0:0:1]:62594	admin	REQUEST	[POST] /add/Expertises
14:50:05.825	[0:0:0:0:0:0:0:1]:62594	admin	200		20.74 ms
14:54:22.538	[0:0:0:0:0:0:0:1]:62620	admin	REQUEST	[POST] /add/Expertises
14:54:22.563	[0:0:0:0:0:0:0:1]:62620	admin	200		25.09 ms
18:00:11.545	[0:0:0:0:0:0:0:1]:51837	admin	REQUEST	[POST] /add/Expertises
18:00:11.575	[0:0:0:0:0:0:0:1]:51837	admin	200		30.55 ms
18:11:32.616	[0:0:0:0:0:0:0:1]:51904	admin	REQUEST	[POST] /add/Expertises
18:11:32.654	[0:0:0:0:0:0:0:1]:51904	admin	200		37.94 ms
18:11:46.109	[0:0:0:0:0:0:0:1]:51904	admin	REQUEST	[POST] /add/Expertises
18:11:46.151	[0:0:0:0:0:0:0:1]:51904	admin	200		42.73 ms
18:20:08.143	[0:0:0:0:0:0:0:1]:51915	admin	REQUEST	[POST] /add/Expertises
18:20:08.169	[0:0:0:0:0:0:0:1]:51915	admin	200		26.94 ms
18:20:38.791	[0:0:0:0:0:0:0:1]:51915	admin	REQUEST	[POST] /add/Expertises
18:20:38.825	[0:0:0:0:0:0:0:1]:51915	admin	200		34.35 ms
18:27:37.599	[0:0:0:0:0:0:0:1]:51923	admin	REQUEST	[POST] /add/Expertises
18:27:37.715	[0:0:0:0:0:0:0:1]:51923	admin	500	Stopped at C:/Program Files (x86)/BaseX/webapp/add.xq, 22/20: [validate:error] Validation failed: 1:199: cvc-elt.1.a: Cannot find the declaration of element 'expertises'.	114.56 ms
18:28:46.144	[0:0:0:0:0:0:0:1]:51925	admin	REQUEST	[POST] /add/Expertises
18:28:46.199	[0:0:0:0:0:0:0:1]:51925	admin	500	Stopped at C:/Program Files (x86)/BaseX/webapp/add.xq, 20/22: [validate:error] Validation failed: 4:24: s4s-elt-character: Non-whitespace characters are not allowed in schema elements other than 'xs:appinfo' and 'xs:documentation'. Saw 'A2A3'.	55.75 ms
18:29:01.256	[0:0:0:0:0:0:0:1]:51925	admin	REQUEST	[POST] /add/Expertises
18:29:01.286	[0:0:0:0:0:0:0:1]:51925	admin	500	Stopped at C:/Program Files (x86)/BaseX/webapp/add.xq, 20/22: [validate:error] Validation failed: 1:199: cvc-elt.1.a: Cannot find the declaration of element 'expertises'.	30.5 ms
18:30:56.850	[0:0:0:0:0:0:0:1]:51955	admin	REQUEST	[POST] /add/Expertises
18:30:56.876	[0:0:0:0:0:0:0:1]:51955	admin	500	Stopped at C:/Program Files (x86)/BaseX/webapp/add.xq, 20/22: [validate:error] Validation failed: 1:199: cvc-elt.1.a: Cannot find the declaration of element 'expertises'.	27.13 ms
18:31:31.973	[0:0:0:0:0:0:0:1]:51955	admin	REQUEST	[POST] /add/Expertises
18:31:32.000	[0:0:0:0:0:0:0:1]:51955	admin	200		27.33 ms
18:31:58.496	[0:0:0:0:0:0:0:1]:51955	admin	REQUEST	[POST] /add/Expertises
18:31:58.497	[0:0:0:0:0:0:0:1]:51955	admin	500	Stopped at C:/Program Files (x86)/BaseX/webapp/add.xq, 14/7: [XUST0002] Function body must be updating.	1.75 ms
18:32:17.187	[0:0:0:0:0:0:0:1]:51955	admin	REQUEST	[POST] /add/Expertises
18:32:17.210	[0:0:0:0:0:0:0:1]:51955	admin	200		22.54 ms
18:32:32.782	[0:0:0:0:0:0:0:1]:51955	admin	REQUEST	[POST] /add/Expertises
18:32:32.805	[0:0:0:0:0:0:0:1]:51955	admin	200		23.56 ms
18:33:17.336	[0:0:0:0:0:0:0:1]:51955	admin	REQUEST	[POST] /add/Expertises
18:33:17.361	[0:0:0:0:0:0:0:1]:51955	admin	200		27.71 ms
18:33:59.527	[0:0:0:0:0:0:0:1]:51955	admin	REQUEST	[POST] /add/Expertises
18:33:59.565	[0:0:0:0:0:0:0:1]:51955	admin	200		38.43 ms
18:34:19.076	[0:0:0:0:0:0:0:1]:51955	admin	REQUEST	[POST] /add/Expertises
18:34:19.111	[0:0:0:0:0:0:0:1]:51955	admin	200		34.95 ms
18:35:16.710	[0:0:0:0:0:0:0:1]:51955	admin	REQUEST	[POST] /add/Expertises
18:35:16.739	[0:0:0:0:0:0:0:1]:51955	admin	200		29.81 ms
18:36:01.310	[0:0:0:0:0:0:0:1]:51955	admin	REQUEST	[POST] /add/Expertises
18:36:01.332	[0:0:0:0:0:0:0:1]:51955	admin	200		22.63 ms
18:36:29.742	[0:0:0:0:0:0:0:1]:51955	admin	REQUEST	[POST] /add/Expertises
18:36:29.767	[0:0:0:0:0:0:0:1]:51955	admin	200		25.43 ms
18:37:06.312	[0:0:0:0:0:0:0:1]:51955	admin	REQUEST	[POST] /add/Expertises
18:37:06.336	[0:0:0:0:0:0:0:1]:51955	admin	200		24.09 ms
18:39:27.331	[0:0:0:0:0:0:0:1]:51979	admin	REQUEST	[POST] /add/Expertises
18:39:27.375	[0:0:0:0:0:0:0:1]:51979	admin	500	Stopped at C:/Program Files (x86)/BaseX/webapp/add.xq, 20/27: [XPDY0002] Q{http://www.NCar.com/}A4S5: Context is undeclared. Stack Trace: - C:/Program Files (x86)/BaseX/webapp/add.xq, 12/10	43.74 ms
18:39:56.414	[0:0:0:0:0:0:0:1]:51979	admin	REQUEST	[POST] /add/Expertises
18:39:56.440	[0:0:0:0:0:0:0:1]:51979	admin	200		26.13 ms
18:41:28.256	[0:0:0:0:0:0:0:1]:51996	admin	REQUEST	[POST] /add/Expertises
18:41:28.283	[0:0:0:0:0:0:0:1]:51996	admin	200		26.73 ms
18:41:44.557	[0:0:0:0:0:0:0:1]:51996	admin	REQUEST	[POST] /add/Expertises
18:41:44.585	[0:0:0:0:0:0:0:1]:51996	admin	200		28.38 ms
18:42:00.744	[0:0:0:0:0:0:0:1]:51996	admin	REQUEST	[POST] /add/Expertises
18:42:00.768	[0:0:0:0:0:0:0:1]:51996	admin	200		23.94 ms
18:42:21.945	[0:0:0:0:0:0:0:1]:51996	admin	REQUEST	[POST] /add/Expertises
18:42:21.965	[0:0:0:0:0:0:0:1]:51996	admin	200		20.06 ms
18:42:55.662	[0:0:0:0:0:0:0:1]:51996	admin	REQUEST	[POST] /add/Expertises
18:42:55.679	[0:0:0:0:0:0:0:1]:51996	admin	200		17.5 ms
18:44:33.570	[0:0:0:0:0:0:0:1]:52004	admin	REQUEST	[POST] /add/Expertises
18:44:33.590	[0:0:0:0:0:0:0:1]:52004	admin	200		19.67 ms
18:45:08.792	[0:0:0:0:0:0:0:1]:52004	admin	REQUEST	[POST] /add/Expertises
18:45:08.826	[0:0:0:0:0:0:0:1]:52004	admin	200		33.63 ms
18:45:34.197	[0:0:0:0:0:0:0:1]:52004	admin	REQUEST	[POST] /add/Expertises
18:45:34.217	[0:0:0:0:0:0:0:1]:52004	admin	200		20.11 ms
18:45:36.051	[0:0:0:0:0:0:0:1]:52004	admin	REQUEST	[POST] /add/Expertises
18:45:36.058	[0:0:0:0:0:0:0:1]:52004	admin	200		7.0 ms
18:45:59.268	[0:0:0:0:0:0:0:1]:52004	admin	REQUEST	[POST] /add/Expertises
18:45:59.289	[0:0:0:0:0:0:0:1]:52004	admin	200		28.59 ms
18:46:24.138	[0:0:0:0:0:0:0:1]:52004	admin	REQUEST	[POST] /add/Expertises
18:46:24.165	[0:0:0:0:0:0:0:1]:52004	admin	500	Stopped at C:/Program Files (x86)/BaseX/webapp/add.xq, 20/58: [XPTY0004] Item expected, sequence found: ("A2A1", "A2A2", "A2A3").	27.41 ms
18:48:29.487	[0:0:0:0:0:0:0:1]:52056	admin	REQUEST	[POST] /add/Expertises
18:48:29.531	[0:0:0:0:0:0:0:1]:52056	admin	200		44.38 ms
18:48:50.801	[0:0:0:0:0:0:0:1]:52056	admin	REQUEST	[POST] /add/Expertises
18:48:50.833	[0:0:0:0:0:0:0:1]:52056	admin	200		31.1 ms
18:53:24.267	[0:0:0:0:0:0:0:1]:52090	admin	REQUEST	[POST] /add/Expertises
18:53:24.310	[0:0:0:0:0:0:0:1]:52090	admin	200		43.03 ms
18:54:11.884	[0:0:0:0:0:0:0:1]:52090	admin	REQUEST	[POST] /add/Expertises
18:54:11.907	[0:0:0:0:0:0:0:1]:52090	admin	200		22.78 ms
18:54:22.040	[0:0:0:0:0:0:0:1]:52090	admin	REQUEST	[POST] /add/Expertises
18:54:22.062	[0:0:0:0:0:0:0:1]:52090	admin	200		21.67 ms
18:54:23.242	[0:0:0:0:0:0:0:1]:52090	admin	REQUEST	[POST] /add/Expertises
18:54:23.256	[0:0:0:0:0:0:0:1]:52090	admin	200		14.37 ms
18:54:50.518	[0:0:0:0:0:0:0:1]:52090	admin	REQUEST	[POST] /add/Expertises
18:54:50.536	[0:0:0:0:0:0:0:1]:52090	admin	200		18.12 ms
18:55:38.250	[0:0:0:0:0:0:0:1]:52090	admin	REQUEST	[POST] /add/Expertises
18:55:38.272	[0:0:0:0:0:0:0:1]:52090	admin	200		22.46 ms
18:55:39.436	[0:0:0:0:0:0:0:1]:52090	admin	REQUEST	[POST] /add/Expertises
18:55:39.445	[0:0:0:0:0:0:0:1]:52090	admin	200		8.94 ms
18:55:56.094	[0:0:0:0:0:0:0:1]:52090	admin	REQUEST	[POST] /add/Expertises
18:55:56.112	[0:0:0:0:0:0:0:1]:52090	admin	200		18.84 ms
19:03:02.410	[0:0:0:0:0:0:0:1]:52113	admin	REQUEST	[POST] /add/Expertises
19:03:02.445	[0:0:0:0:0:0:0:1]:52113	admin	200		35.0 ms
19:03:03.820	[0:0:0:0:0:0:0:1]:52113	admin	REQUEST	[POST] /add/Expertises
19:03:03.832	[0:0:0:0:0:0:0:1]:52113	admin	200		12.91 ms
19:04:21.007	[0:0:0:0:0:0:0:1]:52115	admin	REQUEST	[POST] /add/Expertises
19:04:21.027	[0:0:0:0:0:0:0:1]:52115	admin	200		20.25 ms
19:08:39.513	[0:0:0:0:0:0:0:1]:52118	admin	REQUEST	[POST] /add/Expertises
19:08:39.539	[0:0:0:0:0:0:0:1]:52118	admin	500	Stopped at C:/Program Files (x86)/BaseX/webapp/add.xq, 8/52: [XPTY0004] Cannot promote element()+ to item(): (db:get-pre("Workers", 9), db:get-pre("Workers", 15), ...).	26.49 ms
19:09:14.550	[0:0:0:0:0:0:0:1]:52118	admin	REQUEST	[POST] /add/Expertises
19:09:14.569	[0:0:0:0:0:0:0:1]:52118	admin	500	Stopped at C:/Program Files (x86)/BaseX/webapp/add.xq, 8/52: [XPTY0004] Cannot promote element(Q{http://www.NCar.com/}ID)* to element(): (db:get-pre("Workers", 0), ...)/Q{http://www.NCar.com/}partner/Q{http://www.NCar.com/}ID.	20.17 ms
19:10:14.783	[0:0:0:0:0:0:0:1]:62675	admin	REQUEST	[POST] /add/Expertises
19:10:14.807	[0:0:0:0:0:0:0:1]:62675	admin	200		23.64 ms
19:14:24.155	[0:0:0:0:0:0:0:1]:62773	admin	REQUEST	[POST] /add/Expertises
19:14:24.190	[0:0:0:0:0:0:0:1]:62773	admin	200		34.32 ms
19:14:35.652	[0:0:0:0:0:0:0:1]:62773	admin	REQUEST	[POST] /add/Expertises
19:14:35.680	[0:0:0:0:0:0:0:1]:62773	admin	200		27.42 ms
19:19:36.009	[0:0:0:0:0:0:0:1]:62848	admin	REQUEST	[POST] /add/Expertises
19:19:36.036	[0:0:0:0:0:0:0:1]:62848	admin	200		26.64 ms
19:19:58.113	[0:0:0:0:0:0:0:1]:62848	admin	REQUEST	[POST] /add/Expertises
19:19:58.152	[0:0:0:0:0:0:0:1]:62848	admin	500	Stopped at C:/Program Files (x86)/BaseX/webapp/add.xq, 32/22: [validate:error] Validation failed: 1:199: cvc-elt.1.a: Cannot find the declaration of element 'expertises'.	39.09 ms
19:30:37.645	[0:0:0:0:0:0:0:1]:62958	admin	REQUEST	[POST] /add/Expertises
19:30:37.683	[0:0:0:0:0:0:0:1]:62958	admin	500	Stopped at C:/Program Files (x86)/BaseX/webapp/add.xq, 41/3: [XPDY0002] Q{http://www.NCar.com/}true: Context is undeclared. Stack Trace: - C:/Program Files (x86)/BaseX/webapp/add.xq, 34/10	38.35 ms
20:54:25.552	[0:0:0:0:0:0:0:1]:62030	admin	REQUEST	[POST] /add/Expertises
20:54:25.609	[0:0:0:0:0:0:0:1]:62030	admin	200		57.53 ms
20:55:16.362	[0:0:0:0:0:0:0:1]:62030	admin	REQUEST	[POST] /add/Expertises
20:55:16.399	[0:0:0:0:0:0:0:1]:62030	admin	200		36.68 ms
20:56:02.644	[0:0:0:0:0:0:0:1]:62030	admin	REQUEST	[POST] /add/Expertises
20:56:02.677	[0:0:0:0:0:0:0:1]:62030	admin	200		33.69 ms
20:56:39.480	[0:0:0:0:0:0:0:1]:62030	admin	REQUEST	[POST] /add/Expertises
20:56:39.511	[0:0:0:0:0:0:0:1]:62030	admin	200		30.48 ms
20:57:41.062	[0:0:0:0:0:0:0:1]:60134	admin	REQUEST	[POST] /add/Expertises
20:57:41.094	[0:0:0:0:0:0:0:1]:60134	admin	200		31.85 ms
20:58:46.157	[0:0:0:0:0:0:0:1]:58277	admin	REQUEST	[POST] /add/Expertises
20:58:46.191	[0:0:0:0:0:0:0:1]:58277	admin	200		33.89 ms
20:59:55.678	[0:0:0:0:0:0:0:1]:58279	admin	REQUEST	[POST] /add/Expertises
20:59:55.703	[0:0:0:0:0:0:0:1]:58279	admin	200		24.81 ms
20:59:57.032	[0:0:0:0:0:0:0:1]:58279	admin	REQUEST	[POST] /add/Expertises
20:59:57.052	[0:0:0:0:0:0:0:1]:58279	admin	200		21.05 ms
21:00:24.729	[0:0:0:0:0:0:0:1]:58279	admin	REQUEST	[POST] /add/Expertises
21:00:24.730	[0:0:0:0:0:0:0:1]:58279	admin	500	Stopped at C:/Program Files (x86)/BaseX/webapp/add.xq, 39/7: [XUST0002] Function body must be updating.	2.18 ms
21:00:39.159	[0:0:0:0:0:0:0:1]:58279	admin	REQUEST	[POST] /add/Expertises
21:00:39.200	[0:0:0:0:0:0:0:1]:58279	admin	200		41.01 ms
21:00:57.511	[0:0:0:0:0:0:0:1]:58279	admin	REQUEST	[POST] /add/Expertises
21:00:57.535	[0:0:0:0:0:0:0:1]:58279	admin	200		23.6 ms
21:00:58.706	[0:0:0:0:0:0:0:1]:58279	admin	REQUEST	[POST] /add/Expertises
21:00:58.724	[0:0:0:0:0:0:0:1]:58279	admin	200		18.77 ms
21:00:59.581	[0:0:0:0:0:0:0:1]:58279	admin	REQUEST	[POST] /add/Expertises
21:00:59.593	[0:0:0:0:0:0:0:1]:58279	admin	200		12.49 ms
21:02:15.770	[0:0:0:0:0:0:0:1]:58282	admin	REQUEST	[POST] /add/Expertises
21:02:15.796	[0:0:0:0:0:0:0:1]:58282	admin	500	Stopped at C:/Program Files (x86)/BaseX/webapp/add.xq, 21/36: [XPTY0004] Cannot promote element()+ to item(): $codeToCheck := (<code.../>, <code.../>). Stack Trace: - C:/Program Files (x86)/BaseX/webapp/add.xq, 37/33	26.53 ms
21:03:05.867	[0:0:0:0:0:0:0:1]:58282	admin	REQUEST	[POST] /add/Expertises
21:03:05.896	[0:0:0:0:0:0:0:1]:58282	admin	500	Stopped at C:/Program Files (x86)/BaseX/webapp/add.xq, 21/36: [XPTY0004] Cannot promote element()+ to item(): $codeToCheck := (<code.../>, <code.../>). Stack Trace: - C:/Program Files (x86)/BaseX/webapp/add.xq, 36/33	28.71 ms
21:03:07.301	[0:0:0:0:0:0:0:1]:58282	admin	REQUEST	[POST] /add/Expertises
21:03:07.317	[0:0:0:0:0:0:0:1]:58282	admin	500	Stopped at C:/Program Files (x86)/BaseX/webapp/add.xq, 21/36: [XPTY0004] Cannot promote element()+ to item(): $codeToCheck := (<code.../>, <code.../>). Stack Trace: - C:/Program Files (x86)/BaseX/webapp/add.xq, 36/33	15.84 ms
21:03:39.070	[0:0:0:0:0:0:0:1]:58282	admin	REQUEST	[POST] /add/Expertises
21:03:39.094	[0:0:0:0:0:0:0:1]:58282	admin	500	Stopped at C:/Program Files (x86)/BaseX/webapp/add.xq, 21/36: [XPTY0004] Cannot promote element()+ to item(): $codeToCheck := (<code.../>, <code.../>). Stack Trace: - C:/Program Files (x86)/BaseX/webapp/add.xq, 36/33	24.24 ms
21:03:47.638	[0:0:0:0:0:0:0:1]:58282	admin	REQUEST	[POST] /add/Expertises
21:03:47.660	[0:0:0:0:0:0:0:1]:58282	admin	200		22.05 ms
21:04:39.899	[0:0:0:0:0:0:0:1]:58282	admin	REQUEST	[POST] /add/Expertises
21:04:39.931	[0:0:0:0:0:0:0:1]:58282	admin	200		31.8 ms
21:04:40.992	[0:0:0:0:0:0:0:1]:58282	admin	REQUEST	[POST] /add/Expertises
21:04:41.005	[0:0:0:0:0:0:0:1]:58282	admin	200		13.22 ms
21:06:57.689	[0:0:0:0:0:0:0:1]:60947	admin	REQUEST	[POST] /add/Expertises
21:06:57.710	[0:0:0:0:0:0:0:1]:60947	admin	200		20.82 ms
21:07:11.074	[0:0:0:0:0:0:0:1]:60947	admin	REQUEST	[POST] /add/Expertises
21:07:11.107	[0:0:0:0:0:0:0:1]:60947	admin	200		32.24 ms
21:07:12.510	[0:0:0:0:0:0:0:1]:60947	admin	REQUEST	[POST] /add/Expertises
21:07:12.523	[0:0:0:0:0:0:0:1]:60947	admin	200		14.0 ms
21:07:51.495	[0:0:0:0:0:0:0:1]:60947	admin	REQUEST	[POST] /add/Expertises
21:07:51.517	[0:0:0:0:0:0:0:1]:60947	admin	200		22.51 ms
21:08:19.916	[0:0:0:0:0:0:0:1]:60947	admin	REQUEST	[POST] /add/Expertises
21:08:19.946	[0:0:0:0:0:0:0:1]:60947	admin	200		30.27 ms
21:08:37.473	[0:0:0:0:0:0:0:1]:60947	admin	REQUEST	[POST] /add/Expertises
21:08:37.501	[0:0:0:0:0:0:0:1]:60947	admin	200		28.0 ms
21:11:24.538	[0:0:0:0:0:0:0:1]:60959	admin	REQUEST	[POST] /add/Expertises
21:11:24.568	[0:0:0:0:0:0:0:1]:60959	admin	200		30.0 ms
21:11:56.107	[0:0:0:0:0:0:0:1]:60959	admin	REQUEST	[POST] /add/Expertises
21:11:56.143	[0:0:0:0:0:0:0:1]:60959	admin	200		36.1 ms
21:13:15.756	[0:0:0:0:0:0:0:1]:60974	admin	REQUEST	[POST] /add/Expertises
21:13:15.787	[0:0:0:0:0:0:0:1]:60974	admin	500	Stopped at C:/Program Files (x86)/BaseX/webapp/add.xq, 49/43: [FODC0007] Resource path '' is invalid.	30.64 ms
21:15:28.607	[0:0:0:0:0:0:0:1]:60982	admin	REQUEST	[POST] /add/Expertises
21:15:28.638	[0:0:0:0:0:0:0:1]:60982	admin	500	Stopped at C:/Program Files (x86)/BaseX/webapp/add.xq, 49/75: [XUDY0027] Insert target is an empty sequence.	30.78 ms
21:22:00.108	[0:0:0:0:0:0:0:1]:61070	admin	REQUEST	[POST] /add/Expertises
21:22:00.156	[0:0:0:0:0:0:0:1]:61070	admin	500	Stopped at C:/Program Files (x86)/BaseX/webapp/add.xq, 49/43: [XPTY0004] Item expected, empty sequence found.	47.67 ms
21:26:00.551	[0:0:0:0:0:0:0:1]:61103	admin	REQUEST	[POST] /add/Expertises
21:26:00.584	[0:0:0:0:0:0:0:1]:61103	admin	500	Stopped at C:/Program Files (x86)/BaseX/webapp/add.xq, 49/75: [XUDY0027] Insert target is an empty sequence.	33.39 ms
21:29:12.171	[0:0:0:0:0:0:0:1]:61119	admin	REQUEST	[POST] /add/Expertises
21:29:12.229	[0:0:0:0:0:0:0:1]:61119	admin	200		57.64 ms
21:31:46.907	[0:0:0:0:0:0:0:1]:61121	admin	REQUEST	[POST] /add/Expertises
21:31:46.955	[0:0:0:0:0:0:0:1]:61121	admin	500	Stopped at C:/Program Files (x86)/BaseX/webapp/add.xq, 38/10: [db:lock] Database 'NBCar' is opened by another process.	48.27 ms
21:32:05.197	[0:0:0:0:0:0:0:1]:61121	admin	REQUEST	[POST] /add/Expertises
21:32:05.255	[0:0:0:0:0:0:0:1]:61121	admin	200		57.7 ms
21:34:13.558	[0:0:0:0:0:0:0:1]:61135	admin	REQUEST	[POST] /add/Expertises
21:34:13.592	[0:0:0:0:0:0:0:1]:61135	admin	500	Stopped at C:/Program Files (x86)/BaseX/webapp/add.xq, 49/43: [FODC0007] Resource path '' is invalid.	34.67 ms
21:35:04.366	[0:0:0:0:0:0:0:1]:61135	admin	REQUEST	[POST] /add/Expertises
21:35:04.404	[0:0:0:0:0:0:0:1]:61135	admin	500	Stopped at C:/Program Files (x86)/BaseX/webapp/add.xq, 38/10: [db:lock] Database 'NBCar' is opened by another process.	37.85 ms
21:35:11.892	[0:0:0:0:0:0:0:1]:61135	admin	REQUEST	[POST] /add/Expertises
21:35:11.945	[0:0:0:0:0:0:0:1]:61135	admin	200		53.61 ms
21:35:52.800	[0:0:0:0:0:0:0:1]:61135	admin	REQUEST	[POST] /add/Expertises
21:35:52.842	[0:0:0:0:0:0:0:1]:61135	admin	200		42.38 ms
21:36:52.984	[0:0:0:0:0:0:0:1]:61138	admin	REQUEST	[POST] /add/Expertises
21:36:53.035	[0:0:0:0:0:0:0:1]:61138	admin	500	Stopped at C:/Program Files (x86)/BaseX/webapp/add.xq, 49/43: [FODC0007] Resource path '' is invalid.	50.73 ms
