16:52:13.071	SERVER	admin	OK	Server was started (port: 1984).
16:52:13.162	SERVER	admin	OK	HTTP Server was started (port: 8080).
16:53:13.344	SERVER	admin	ERROR	Server is running or permission was denied.
16:53:18.105	SERVER	admin	ERROR	Server is running or permission was denied.
16:53:28.785	SERVER	admin	ERROR	Server is running or permission was denied.
16:53:36.447	SERVER	admin	ERROR	Server is running or permission was denied.
16:53:39.886	[0:0:0:0:0:0:0:1]:62808	admin	REQUEST	[GET] /export_xml/expertises
16:53:41.317	[0:0:0:0:0:0:0:1]:62808	admin	200		1434.4 ms
16:54:49.759	[0:0:0:0:0:0:0:1]:62812	admin	REQUEST	[GET] /export_xml/expertises
16:54:49.826	[0:0:0:0:0:0:0:1]:62812	admin	200		67.76 ms
16:55:09.473	[0:0:0:0:0:0:0:1]:62812	admin	REQUEST	[GET] /export_xml/expertises
16:55:09.505	[0:0:0:0:0:0:0:1]:62812	admin	200		31.83 ms
16:55:35.694	[0:0:0:0:0:0:0:1]:62812	admin	REQUEST	[GET] /export_xml/expertises
16:55:35.715	[0:0:0:0:0:0:0:1]:62812	admin	200		21.05 ms
16:56:56.849	[0:0:0:0:0:0:0:1]:62824	admin	REQUEST	[GET] /export_xml/expertises
16:56:56.868	[0:0:0:0:0:0:0:1]:62824	admin	200		19.37 ms
16:57:13.016	[0:0:0:0:0:0:0:1]:62824	admin	REQUEST	[GET] /export_xml/expertises
16:57:13.045	[0:0:0:0:0:0:0:1]:62824	admin	200		29.55 ms
16:58:01.795	[0:0:0:0:0:0:0:1]:62824	admin	REQUEST	[GET] /export_xml/expertises
16:58:01.820	[0:0:0:0:0:0:0:1]:62824	admin	200		25.29 ms
17:00:14.513	[0:0:0:0:0:0:0:1]:62831	admin	REQUEST	[GET] /export_xml/reservations
17:00:14.532	[0:0:0:0:0:0:0:1]:62831	admin	200		19.86 ms
17:00:36.832	[0:0:0:0:0:0:0:1]:62831	admin	REQUEST	[GET] /export_xml/reservations
17:00:36.853	[0:0:0:0:0:0:0:1]:62831	admin	200		21.65 ms
17:28:45.207	[0:0:0:0:0:0:0:1]:55578	admin	REQUEST	[GET] /export_xml/cars
17:28:45.234	[0:0:0:0:0:0:0:1]:55578	admin	200		27.21 ms
17:28:59.962	[0:0:0:0:0:0:0:1]:55578	admin	REQUEST	[GET] /export_xml/expertises
17:28:59.996	[0:0:0:0:0:0:0:1]:55578	admin	200		34.85 ms
18:08:29.781	[0:0:0:0:0:0:0:1]:64591	admin	REQUEST	[GET] /export_xml/expertises
18:08:29.922	[0:0:0:0:0:0:0:1]:64591	admin	200		143.08 ms
18:09:18.400	[0:0:0:0:0:0:0:1]:64591	admin	REQUEST	[GET] /export_xml/expertises
18:09:18.482	[0:0:0:0:0:0:0:1]:64591	admin	500	Stopped at C:/Program Files (x86)/BaseX/webapp/export_xmls.xq, 16/45: [XPTY0004] Item expected, sequence found: ("&#xA;&#xA;&#xA; ", "&#xA; ", "&#xA; ", ...).	82.41 ms
18:10:49.739	[0:0:0:0:0:0:0:1]:64600	admin	REQUEST	[GET] /export_xml/expertises
18:10:49.772	[0:0:0:0:0:0:0:1]:64600	admin	500	Stopped at C:/Program Files (x86)/BaseX/webapp/export_xmls.xq, 16/53: [XPTY0004] Item expected, sequence found: ("&#xA; ", "&#xA; ").	33.21 ms
18:11:21.228	[0:0:0:0:0:0:0:1]:64600	admin	REQUEST	[GET] /export_xml/expertises
18:11:21.260	[0:0:0:0:0:0:0:1]:64600	admin	200		31.72 ms
18:11:54.346	[0:0:0:0:0:0:0:1]:64600	admin	REQUEST	[GET] /export_xml/expertises
18:11:54.383	[0:0:0:0:0:0:0:1]:64600	admin	200		36.59 ms
18:14:04.852	[0:0:0:0:0:0:0:1]:64607	admin	REQUEST	[GET] /export_xml/expertises
18:14:04.877	[0:0:0:0:0:0:0:1]:64607	admin	500	Stopped at C:/Program Files (x86)/BaseX/webapp/export_xmls.xq, 16/52: [XPTY0004] Item expected, sequence found: ("&#xA; ", "&#xA; ").	25.05 ms
18:14:54.522	[0:0:0:0:0:0:0:1]:64607	admin	REQUEST	[GET] /export_xml/expertises
18:14:54.564	[0:0:0:0:0:0:0:1]:64607	admin	200		41.88 ms
18:15:35.417	[0:0:0:0:0:0:0:1]:64607	admin	REQUEST	[GET] /export_xml/expertises
18:15:35.452	[0:0:0:0:0:0:0:1]:64607	admin	200		35.24 ms
18:20:04.844	[0:0:0:0:0:0:0:1]:64627	admin	REQUEST	[GET] /export_xml/expertises
18:20:04.868	[0:0:0:0:0:0:0:1]:64627	admin	200		38.92 ms
18:20:18.981	[0:0:0:0:0:0:0:1]:64627	admin	REQUEST	[GET] /export_xml/expertises
18:20:19.023	[0:0:0:0:0:0:0:1]:64627	admin	200		42.34 ms
18:21:19.899	[0:0:0:0:0:0:0:1]:56337	admin	REQUEST	[GET] /export_xml/expertises
18:21:19.926	[0:0:0:0:0:0:0:1]:56337	admin	200		27.1 ms
18:23:36.909	[0:0:0:0:0:0:0:1]:56343	admin	REQUEST	[GET] /export_xml/expertises
18:23:36.932	[0:0:0:0:0:0:0:1]:56343	admin	200		23.66 ms
18:23:59.936	[0:0:0:0:0:0:0:1]:56343	admin	REQUEST	[GET] /export_xml/expertises
18:23:59.957	[0:0:0:0:0:0:0:1]:56343	admin	200		22.06 ms
18:24:14.249	[0:0:0:0:0:0:0:1]:56343	admin	REQUEST	[GET] /export_xml/expertises
18:24:14.268	[0:0:0:0:0:0:0:1]:56343	admin	200		19.26 ms
18:24:49.423	[0:0:0:0:0:0:0:1]:56343	admin	REQUEST	[GET] /export_xml/expertises
18:24:49.476	[0:0:0:0:0:0:0:1]:56343	admin	200		52.78 ms
18:26:22.862	[0:0:0:0:0:0:0:1]:56350	admin	REQUEST	[GET] /export_xml/expertises
18:26:22.892	[0:0:0:0:0:0:0:1]:56350	admin	200		30.33 ms
18:30:17.128	[0:0:0:0:0:0:0:1]:56355	admin	REQUEST	[GET] /export_xml/expertises
18:30:17.152	[0:0:0:0:0:0:0:1]:56355	admin	200		23.67 ms
18:35:42.396	[0:0:0:0:0:0:0:1]:56370	admin	REQUEST	[GET] /export_xml/expertises
18:35:42.430	[0:0:0:0:0:0:0:1]:56370	admin	200		33.88 ms
18:36:37.448	[0:0:0:0:0:0:0:1]:56370	admin	REQUEST	[GET] /export_xml/expertises
18:36:37.484	[0:0:0:0:0:0:0:1]:56370	admin	200		44.2 ms
18:37:57.499	[0:0:0:0:0:0:0:1]:56377	admin	REQUEST	[GET] /export_xml/expertises
18:37:57.525	[0:0:0:0:0:0:0:1]:56377	admin	200		26.78 ms
18:38:36.346	[0:0:0:0:0:0:0:1]:56377	admin	REQUEST	[GET] /export_xml/expertises
18:38:36.379	[0:0:0:0:0:0:0:1]:56377	admin	200		33.31 ms
18:39:15.445	[0:0:0:0:0:0:0:1]:56377	admin	REQUEST	[GET] /export_xml/expertises
18:39:15.475	[0:0:0:0:0:0:0:1]:56377	admin	200		29.86 ms
18:57:52.806	[0:0:0:0:0:0:0:1]:49210	admin	REQUEST	[GET] /export_xml/expertises
18:57:52.832	[0:0:0:0:0:0:0:1]:49210	admin	200		26.24 ms
21:59:15.962	[0:0:0:0:0:0:0:1]:62403	admin	REQUEST	[POST] /add/Expertises
21:59:16.692	[0:0:0:0:0:0:0:1]:62403	admin	500	Stopped at C:/Program Files (x86)/BaseX/webapp/add.xq, 67/43: [FODC0007] Resource path '2022-12-08T12:00:00Z_expertise' is invalid.	749.14 ms
21:59:27.367	[0:0:0:0:0:0:0:1]:62403	admin	REQUEST	[POST] /add/Expertises
21:59:27.420	[0:0:0:0:0:0:0:1]:62403	admin	500	Stopped at C:/Program Files (x86)/BaseX/webapp/add.xq, 67/43: [FODC0007] Resource path '2022-12-08T12:00:00Z_expertise' is invalid.	52.96 ms
21:59:41.838	SERVER	admin	ERROR	Server is running or permission was denied.
21:59:44.951	[0:0:0:0:0:0:0:1]:62403	admin	REQUEST	[POST] /add/Expertises
21:59:45.004	[0:0:0:0:0:0:0:1]:62403	admin	500	Stopped at C:/Program Files (x86)/BaseX/webapp/add.xq, 67/43: [FODC0007] Resource path '2022-12-08T12:00:00Z_expertise' is invalid.	53.39 ms
21:59:51.666	[0:0:0:0:0:0:0:1]:62403	admin	REQUEST	[POST] /add/Expertises
21:59:51.701	[0:0:0:0:0:0:0:1]:62403	admin	500	Stopped at C:/Program Files (x86)/BaseX/webapp/add.xq, 67/43: [FODC0007] Resource path '2022-12-08T12:00:00Z_expertise' is invalid.	35.26 ms
22:00:17.127	[0:0:0:0:0:0:0:1]:62403	admin	REQUEST	[POST] /add/Expertises
22:00:17.162	[0:0:0:0:0:0:0:1]:62403	admin	500	Stopped at C:/Program Files (x86)/BaseX/webapp/add.xq, 67/43: [FODC0007] Resource path '2022-12-08T12:00:00Z_expertise' is invalid.	35.19 ms
22:03:22.550	SERVER	admin	OK	Server was started (port: 1984).
22:03:22.658	SERVER	admin	OK	HTTP Server was started (port: 8080).
22:03:28.396	[0:0:0:0:0:0:0:1]:62749	admin	REQUEST	[POST] /add/Expertises
22:03:30.077	[0:0:0:0:0:0:0:1]:62749	admin	500	Stopped at C:/Program Files (x86)/BaseX/webapp/add.xq, 67/43: [FODC0007] Resource path '2022-12-08T12:00:00Z_expertise' is invalid.	1682.87 ms
22:04:38.239	[0:0:0:0:0:0:0:1]:59784	admin	REQUEST	[POST] /add/Expertises
22:04:38.321	[0:0:0:0:0:0:0:1]:59784	admin	500	Stopped at C:/Program Files (x86)/BaseX/webapp/add.xq, 67/43: [FODC0007] Resource path '' is invalid.	82.85 ms
22:04:53.578	[0:0:0:0:0:0:0:1]:59784	admin	REQUEST	[POST] /add/Expertises
22:04:53.582	[0:0:0:0:0:0:0:1]:59784	admin	500	Stopped at C:/Program Files (x86)/BaseX/webapp/add.xq, 69/1: [XPST0003] Expecting '}', found ')'.	4.01 ms
22:05:08.943	[0:0:0:0:0:0:0:1]:59784	admin	REQUEST	[POST] /add/Expertises
22:05:09.063	[0:0:0:0:0:0:0:1]:59784	admin	200		118.8 ms
22:05:15.641	[0:0:0:0:0:0:0:1]:59784	admin	REQUEST	[POST] /add/Reservation
22:05:15.704	[0:0:0:0:0:0:0:1]:59784	admin	500	Stopped at C:/Program Files (x86)/BaseX/webapp/add.xq, 94/15: [validate:error] Validation failed: 6:28: cvc-pattern-valid: Value '2022-12-08' is not facet-valid with respect to pattern '\d{4}-\d{2}-\d{2}T\d{2}:\d{2}:\d{2}(\.\d{1,6})?(Z|(\+|-)\d{2}:\d{2})?' for type 'ISODateTime'.	64.03 ms
22:05:40.401	[0:0:0:0:0:0:0:1]:59784	admin	REQUEST	[POST] /add/Reservation
22:05:40.447	[0:0:0:0:0:0:0:1]:59784	admin	500	Stopped at C:/Program Files (x86)/BaseX/webapp/add.xq, 94/45: [FODC0007] Resource path '2022-12-08T12:00:00Z_reservation' is invalid.	47.52 ms
22:06:02.327	[0:0:0:0:0:0:0:1]:59784	admin	REQUEST	[POST] /add/Reservation
22:06:02.330	[0:0:0:0:0:0:0:1]:59784	admin	500	Stopped at C:/Program Files (x86)/BaseX/webapp/add.xq, 96/1: [XPST0003] Expecting '}', found ')'.	3.37 ms
22:06:10.654	[0:0:0:0:0:0:0:1]:59784	admin	REQUEST	[POST] /add/Reservation
22:06:10.736	[0:0:0:0:0:0:0:1]:59784	admin	200		82.17 ms
22:06:12.409	[0:0:0:0:0:0:0:1]:59784	admin	REQUEST	[POST] /add/Reservation
22:06:12.434	[0:0:0:0:0:0:0:1]:59784	admin	200		25.4 ms
22:06:20.455	[0:0:0:0:0:0:0:1]:59784	admin	REQUEST	[GET] /export_xml/expertises
22:06:20.478	[0:0:0:0:0:0:0:1]:59784	admin	200		22.59 ms
